time="2024-01-20T19:42:32+05:00" level=info msg="create router" func=main.main file="app.go:15"
time="2024-01-20T19:42:32+05:00" level=info msg="register user handler" func=main.main file="app.go:18"
time="2024-01-20T19:42:32+05:00" level=info msg="start application" func=main.start file="app.go:28"
time="2024-01-20T19:42:32+05:00" level=info msg="server is listening port 127.0.0.1:1234" func=main.start file="app.go:41"
time="2024-01-21T14:18:53+05:00" level=info msg="create router" func=main.main file="app.go:20"
time="2024-01-21T14:18:53+05:00" level=info msg="read application" func=app/internal/config.GetConfig.func1 file="config.go:25"
time="2024-01-21T14:18:53+05:00" level=info func=app/internal/config.GetConfig.func1 file="config.go:29"
time="2024-01-21T14:18:53+05:00" level=fatal msg="open config.yml: no such file or directory" func=app/internal/config.GetConfig.func1 file="config.go:30"
time="2024-01-21T14:21:39+05:00" level=info msg="create router" func=main.main file="app.go:20"
time="2024-01-21T14:21:39+05:00" level=info msg="read application" func=app/internal/config.GetConfig.func1 file="config.go:25"
time="2024-01-21T14:21:39+05:00" level=info func=app/internal/config.GetConfig.func1 file="config.go:29"
time="2024-01-21T14:21:39+05:00" level=fatal msg="open config.yml: no such file or directory" func=app/internal/config.GetConfig.func1 file="config.go:30"
time="2024-01-21T14:23:59+05:00" level=info msg="create router" func=main.main file="app.go:20"
time="2024-01-21T14:23:59+05:00" level=info msg="read application" func=app/internal/config.GetConfig.func1 file="config.go:25"
time="2024-01-21T14:23:59+05:00" level=info func=app/internal/config.GetConfig.func1 file="config.go:29"
time="2024-01-21T14:23:59+05:00" level=fatal msg="open config.yml: no such file or directory" func=app/internal/config.GetConfig.func1 file="config.go:30"
time="2024-01-21T14:26:14+05:00" level=info msg="create router" func=main.main file="app.go:20"
time="2024-01-21T14:26:14+05:00" level=info msg="read application" func=app/internal/config.GetConfig.func1 file="config.go:25"
time="2024-01-21T14:26:14+05:00" level=info func=app/internal/config.GetConfig.func1 file="config.go:29"
time="2024-01-21T14:26:14+05:00" level=fatal msg="open config.yml: no such file or directory" func=app/internal/config.GetConfig.func1 file="config.go:30"
time="2024-01-21T14:27:14+05:00" level=info msg="create router" func=main.main file="app.go:20"
time="2024-01-21T14:27:14+05:00" level=info msg="read application configuration" func=app/internal/config.GetConfig.func1 file="config.go:25"
time="2024-01-21T14:27:14+05:00" level=info func=app/internal/config.GetConfig.func1 file="config.go:29"
time="2024-01-21T14:27:14+05:00" level=fatal msg="open config.yml: no such file or directory" func=app/internal/config.GetConfig.func1 file="config.go:30"
time="2024-01-21T14:31:09+05:00" level=info msg="create router" func=main.main file="app.go:20"
time="2024-01-21T14:31:09+05:00" level=info msg="read application configuration" func=app/internal/config.GetConfig.func1 file="config.go:25"
time="2024-01-21T14:31:09+05:00" level=info func=app/internal/config.GetConfig.func1 file="config.go:29"
time="2024-01-21T14:31:09+05:00" level=fatal msg="open config.yml: no such file or directory" func=app/internal/config.GetConfig.func1 file="config.go:30"
time="2024-01-21T14:31:51+05:00" level=info msg="create router" func=main.main file="app.go:20"
time="2024-01-21T14:31:51+05:00" level=info msg="read application configuration" func=app/internal/config.GetConfig.func1 file="config.go:25"
time="2024-01-21T14:31:51+05:00" level=info func=app/internal/config.GetConfig.func1 file="config.go:29"
time="2024-01-21T14:31:51+05:00" level=fatal msg="open config.yaml: no such file or directory" func=app/internal/config.GetConfig.func1 file="config.go:30"
time="2024-01-21T14:35:01+05:00" level=info msg="create router" func=main.main file="app.go:20"
time="2024-01-21T14:35:01+05:00" level=info msg="read application configuration" func=app/internal/config.GetConfig.func1 file="config.go:25"
time="2024-01-21T14:35:01+05:00" level=info func=app/internal/config.GetConfig.func1 file="config.go:29"
time="2024-01-21T14:35:01+05:00" level=fatal msg="open config.yaml: no such file or directory" func=app/internal/config.GetConfig.func1 file="config.go:30"
time="2024-01-21T14:36:23+05:00" level=info msg="create router" func=main.main file="app.go:20"
time="2024-01-21T14:36:23+05:00" level=info msg="read application configuration" func=app/internal/config.GetConfig.func1 file="config.go:25"
time="2024-01-21T14:36:23+05:00" level=info func=app/internal/config.GetConfig.func1 file="config.go:29"
time="2024-01-21T14:36:23+05:00" level=fatal msg="open config.yaml: no such file or directory" func=app/internal/config.GetConfig.func1 file="config.go:30"
time="2024-01-21T14:38:30+05:00" level=info msg="create router" func=main.main file="app.go:20"
time="2024-01-21T14:38:30+05:00" level=info msg="read application configuration" func=app/internal/config.GetConfig.func1 file="config.go:25"
time="2024-01-21T14:38:30+05:00" level=info msg="register user handler" func=main.main file="app.go:25"
time="2024-01-21T14:38:30+05:00" level=info msg="start application" func=main.start file="app.go:35"
time="2024-01-21T14:38:30+05:00" level=info msg="detect app path" func=main.start file="app.go:41"
time="2024-01-21T14:38:30+05:00" level=info msg="create socket" func=main.start file="app.go:46"
time="2024-01-21T14:38:30+05:00" level=info msg="listen unix socket" func=main.start file="app.go:49"
time="2024-01-21T14:38:30+05:00" level=info msg="server is listening unix socket: /tmp/go-build2467748523/b001/exe/app.sock" func=main.start file="app.go:51"
time="2024-01-21T14:42:56+05:00" level=info msg="create router" func=main.main file="app.go:20"
time="2024-01-21T14:42:56+05:00" level=info msg="read application configuration" func=app/internal/config.GetConfig.func1 file="config.go:25"
time="2024-01-21T14:42:56+05:00" level=info msg="register user handler" func=main.main file="app.go:25"
time="2024-01-21T14:42:56+05:00" level=info msg="start application" func=main.start file="app.go:35"
time="2024-01-21T14:42:56+05:00" level=info msg="listen tcp" func=main.start file="app.go:53"
time="2024-01-21T14:42:56+05:00" level=info msg="server is listening port 127.0.0.1:1234" func=main.start file="app.go:55"
